<?xml version="1.0" encoding="UTF-8"?>
<coverage generated="1618089336034" clover="3.2.0">
  <project timestamp="1618089336034" name="All files">
    <metrics statements="314" coveredstatements="312" conditionals="83" coveredconditionals="80" methods="51" coveredmethods="50" elements="448" coveredelements="442" complexity="0" loc="314" ncloc="314" packages="5" files="14" classes="14"/>
    <package name="express-jobly">
      <metrics statements="52" coveredstatements="50" conditionals="20" coveredconditionals="17" methods="8" coveredmethods="7"/>
      <file name="app.js" path="/Users/juancorrea/Desktop/Springboard/express-jobly/app.js">
        <metrics statements="24" coveredstatements="24" conditionals="4" coveredconditionals="4" methods="2" coveredmethods="2"/>
        <line num="5" count="4" type="stmt"/>
        <line num="6" count="4" type="stmt"/>
        <line num="8" count="4" type="stmt"/>
        <line num="10" count="4" type="stmt"/>
        <line num="11" count="4" type="stmt"/>
        <line num="12" count="4" type="stmt"/>
        <line num="13" count="4" type="stmt"/>
        <line num="15" count="4" type="stmt"/>
        <line num="17" count="4" type="stmt"/>
        <line num="19" count="4" type="stmt"/>
        <line num="20" count="4" type="stmt"/>
        <line num="21" count="4" type="stmt"/>
        <line num="22" count="4" type="stmt"/>
        <line num="24" count="4" type="stmt"/>
        <line num="25" count="4" type="stmt"/>
        <line num="26" count="4" type="stmt"/>
        <line num="29" count="4" type="stmt"/>
        <line num="30" count="2" type="stmt"/>
        <line num="34" count="4" type="stmt"/>
        <line num="35" count="31" type="cond" truecount="2" falsecount="0"/>
        <line num="36" count="31" type="cond" truecount="2" falsecount="0"/>
        <line num="37" count="31" type="stmt"/>
        <line num="39" count="31" type="stmt"/>
        <line num="44" count="4" type="stmt"/>
      </file>
      <file name="config.js" path="/Users/juancorrea/Desktop/Springboard/express-jobly/config.js">
        <metrics statements="13" coveredstatements="13" conditionals="10" coveredconditionals="10" methods="1" coveredmethods="1"/>
        <line num="5" count="9" type="stmt"/>
        <line num="6" count="9" type="stmt"/>
        <line num="8" count="9" type="cond" truecount="2" falsecount="0"/>
        <line num="10" count="9" type="cond" truecount="2" falsecount="0"/>
        <line num="14" count="18" type="cond" truecount="2" falsecount="0"/>
        <line num="22" count="9" type="cond" truecount="2" falsecount="0"/>
        <line num="24" count="9" type="stmt"/>
        <line num="25" count="9" type="stmt"/>
        <line num="26" count="9" type="stmt"/>
        <line num="27" count="9" type="stmt"/>
        <line num="28" count="9" type="stmt"/>
        <line num="29" count="9" type="stmt"/>
        <line num="31" count="9" type="stmt"/>
      </file>
      <file name="db.js" path="/Users/juancorrea/Desktop/Springboard/express-jobly/db.js">
        <metrics statements="7" coveredstatements="6" conditionals="2" coveredconditionals="1" methods="0" coveredmethods="0"/>
        <line num="3" count="6" type="stmt"/>
        <line num="4" count="6" type="stmt"/>
        <line num="8" count="6" type="cond" truecount="1" falsecount="1"/>
        <line num="9" count="0" type="stmt"/>
        <line num="16" count="6" type="stmt"/>
        <line num="21" count="6" type="stmt"/>
        <line num="23" count="6" type="stmt"/>
      </file>
      <file name="expressError.js" path="/Users/juancorrea/Desktop/Springboard/express-jobly/expressError.js">
        <metrics statements="8" coveredstatements="7" conditionals="4" coveredconditionals="2" methods="5" coveredmethods="4"/>
        <line num="9" count="43" type="stmt"/>
        <line num="10" count="43" type="stmt"/>
        <line num="11" count="43" type="stmt"/>
        <line num="19" count="14" type="stmt"/>
        <line num="27" count="12" type="stmt"/>
        <line num="35" count="17" type="stmt"/>
        <line num="43" count="0" type="stmt"/>
        <line num="47" count="8" type="stmt"/>
      </file>
    </package>
    <package name="express-jobly.helpers">
      <metrics statements="12" coveredstatements="12" conditionals="6" coveredconditionals="6" methods="3" coveredmethods="3"/>
      <file name="sql.js" path="/Users/juancorrea/Desktop/Springboard/express-jobly/helpers/sql.js">
        <metrics statements="6" coveredstatements="6" conditionals="4" coveredconditionals="4" methods="2" coveredmethods="2"/>
        <line num="1" count="7" type="stmt"/>
        <line num="16" count="15" type="stmt"/>
        <line num="17" count="15" type="cond" truecount="2" falsecount="0"/>
        <line num="20" count="26" type="cond" truecount="2" falsecount="0"/>
        <line num="22" count="13" type="stmt"/>
        <line num="28" count="7" type="stmt"/>
      </file>
      <file name="tokens.js" path="/Users/juancorrea/Desktop/Springboard/express-jobly/helpers/tokens.js">
        <metrics statements="6" coveredstatements="6" conditionals="2" coveredconditionals="2" methods="1" coveredmethods="1"/>
        <line num="1" count="5" type="stmt"/>
        <line num="2" count="5" type="stmt"/>
        <line num="7" count="10" type="stmt"/>
        <line num="9" count="10" type="stmt"/>
        <line num="14" count="10" type="stmt"/>
        <line num="17" count="5" type="stmt"/>
      </file>
    </package>
    <package name="express-jobly.middleware">
      <metrics statements="15" coveredstatements="15" conditionals="6" coveredconditionals="6" methods="2" coveredmethods="2"/>
      <file name="auth.js" path="/Users/juancorrea/Desktop/Springboard/express-jobly/middleware/auth.js">
        <metrics statements="15" coveredstatements="15" conditionals="6" coveredconditionals="6" methods="2" coveredmethods="2"/>
        <line num="5" count="5" type="stmt"/>
        <line num="6" count="5" type="stmt"/>
        <line num="7" count="5" type="stmt"/>
        <line num="19" count="52" type="stmt"/>
        <line num="20" count="52" type="cond" truecount="2" falsecount="0"/>
        <line num="21" count="52" type="cond" truecount="2" falsecount="0"/>
        <line num="22" count="26" type="stmt"/>
        <line num="23" count="26" type="stmt"/>
        <line num="25" count="51" type="stmt"/>
        <line num="27" count="1" type="stmt"/>
        <line num="37" count="32" type="stmt"/>
        <line num="38" count="32" type="cond" truecount="2" falsecount="0"/>
        <line num="39" count="24" type="stmt"/>
        <line num="41" count="8" type="stmt"/>
        <line num="46" count="5" type="stmt"/>
      </file>
    </package>
    <package name="express-jobly.models">
      <metrics statements="94" coveredstatements="94" conditionals="33" coveredconditionals="33" methods="15" coveredmethods="15"/>
      <file name="_testCommon.js" path="/Users/juancorrea/Desktop/Springboard/express-jobly/models/_testCommon.js">
        <metrics statements="11" coveredstatements="11" conditionals="0" coveredconditionals="0" methods="4" coveredmethods="4"/>
        <line num="1" count="2" type="stmt"/>
        <line num="3" count="2" type="stmt"/>
        <line num="4" count="2" type="stmt"/>
        <line num="8" count="2" type="stmt"/>
        <line num="10" count="2" type="stmt"/>
        <line num="12" count="2" type="stmt"/>
        <line num="18" count="2" type="stmt"/>
        <line num="34" count="31" type="stmt"/>
        <line num="38" count="31" type="stmt"/>
        <line num="42" count="2" type="stmt"/>
        <line num="46" count="2" type="stmt"/>
      </file>
      <file name="company.js" path="/Users/juancorrea/Desktop/Springboard/express-jobly/models/company.js">
        <metrics statements="43" coveredstatements="43" conditionals="19" coveredconditionals="19" methods="5" coveredmethods="5"/>
        <line num="3" count="5" type="stmt"/>
        <line num="4" count="5" type="stmt"/>
        <line num="5" count="5" type="stmt"/>
        <line num="20" count="13" type="stmt"/>
        <line num="27" count="13" type="cond" truecount="2" falsecount="0"/>
        <line num="29" count="12" type="stmt"/>
        <line num="36" count="12" type="stmt"/>
        <line num="38" count="12" type="stmt"/>
        <line num="47" count="11" type="stmt"/>
        <line num="54" count="11" type="stmt"/>
        <line num="56" count="11" type="stmt"/>
        <line num="57" count="11" type="stmt"/>
        <line num="59" count="11" type="cond" truecount="2" falsecount="0"/>
        <line num="60" count="1" type="stmt"/>
        <line num="63" count="10" type="cond" truecount="2" falsecount="0"/>
        <line num="64" count="4" type="stmt"/>
        <line num="65" count="4" type="stmt"/>
        <line num="67" count="10" type="cond" truecount="2" falsecount="0"/>
        <line num="68" count="2" type="stmt"/>
        <line num="69" count="2" type="stmt"/>
        <line num="72" count="10" type="cond" truecount="2" falsecount="0"/>
        <line num="73" count="4" type="stmt"/>
        <line num="74" count="4" type="stmt"/>
        <line num="77" count="10" type="cond" truecount="2" falsecount="0"/>
        <line num="78" count="7" type="stmt"/>
        <line num="81" count="10" type="stmt"/>
        <line num="83" count="10" type="stmt"/>
        <line num="84" count="9" type="stmt"/>
        <line num="96" count="5" type="stmt"/>
        <line num="107" count="5" type="stmt"/>
        <line num="109" count="5" type="cond" truecount="2" falsecount="0"/>
        <line num="111" count="3" type="stmt"/>
        <line num="127" count="6" type="stmt"/>
        <line num="131" count="5" type="stmt"/>
        <line num="133" count="5" type="stmt"/>
        <line num="141" count="5" type="stmt"/>
        <line num="142" count="5" type="stmt"/>
        <line num="144" count="5" type="cond" truecount="2" falsecount="0"/>
        <line num="146" count="3" type="stmt"/>
        <line num="155" count="4" type="stmt"/>
        <line num="162" count="4" type="stmt"/>
        <line num="164" count="4" type="cond" truecount="2" falsecount="0"/>
        <line num="168" count="5" type="stmt"/>
      </file>
      <file name="user.js" path="/Users/juancorrea/Desktop/Springboard/express-jobly/models/user.js">
        <metrics statements="40" coveredstatements="40" conditionals="14" coveredconditionals="14" methods="6" coveredmethods="6"/>
        <line num="3" count="5" type="stmt"/>
        <line num="4" count="5" type="stmt"/>
        <line num="5" count="5" type="stmt"/>
        <line num="6" count="5" type="stmt"/>
        <line num="8" count="5" type="stmt"/>
        <line num="22" count="7" type="stmt"/>
        <line num="34" count="7" type="stmt"/>
        <line num="36" count="7" type="cond" truecount="2" falsecount="0"/>
        <line num="38" count="4" type="stmt"/>
        <line num="39" count="4" type="cond" truecount="2" falsecount="0"/>
        <line num="40" count="3" type="stmt"/>
        <line num="41" count="3" type="stmt"/>
        <line num="45" count="4" type="stmt"/>
        <line num="56" count="16" type="stmt"/>
        <line num="63" count="16" type="cond" truecount="2" falsecount="0"/>
        <line num="64" count="1" type="stmt"/>
        <line num="67" count="15" type="stmt"/>
        <line num="69" count="15" type="stmt"/>
        <line num="82" count="15" type="stmt"/>
        <line num="84" count="15" type="stmt"/>
        <line num="93" count="3" type="stmt"/>
        <line num="103" count="2" type="stmt"/>
        <line num="115" count="4" type="stmt"/>
        <line num="126" count="4" type="stmt"/>
        <line num="128" count="4" type="cond" truecount="2" falsecount="0"/>
        <line num="130" count="2" type="stmt"/>
        <line num="151" count="7" type="cond" truecount="2" falsecount="0"/>
        <line num="152" count="2" type="stmt"/>
        <line num="155" count="7" type="stmt"/>
        <line num="160" count="6" type="stmt"/>
        <line num="162" count="6" type="stmt"/>
        <line num="170" count="6" type="stmt"/>
        <line num="171" count="6" type="stmt"/>
        <line num="173" count="6" type="cond" truecount="2" falsecount="0"/>
        <line num="175" count="4" type="stmt"/>
        <line num="176" count="4" type="stmt"/>
        <line num="182" count="4" type="stmt"/>
        <line num="189" count="4" type="stmt"/>
        <line num="191" count="4" type="cond" truecount="2" falsecount="0"/>
        <line num="195" count="5" type="stmt"/>
      </file>
    </package>
    <package name="express-jobly.routes">
      <metrics statements="141" coveredstatements="141" conditionals="18" coveredconditionals="18" methods="23" coveredmethods="23"/>
      <file name="_testCommon.js" path="/Users/juancorrea/Desktop/Springboard/express-jobly/routes/_testCommon.js">
        <metrics statements="17" coveredstatements="17" conditionals="0" coveredconditionals="0" methods="4" coveredmethods="4"/>
        <line num="3" count="3" type="stmt"/>
        <line num="4" count="3" type="stmt"/>
        <line num="5" count="3" type="stmt"/>
        <line num="6" count="3" type="stmt"/>
        <line num="10" count="3" type="stmt"/>
        <line num="12" count="3" type="stmt"/>
        <line num="14" count="3" type="stmt"/>
        <line num="22" count="3" type="stmt"/>
        <line num="30" count="3" type="stmt"/>
        <line num="39" count="3" type="stmt"/>
        <line num="47" count="3" type="stmt"/>
        <line num="55" count="3" type="stmt"/>
        <line num="66" count="47" type="stmt"/>
        <line num="70" count="47" type="stmt"/>
        <line num="74" count="3" type="stmt"/>
        <line num="78" count="3" type="stmt"/>
        <line num="81" count="3" type="stmt"/>
      </file>
      <file name="auth.js" path="/Users/juancorrea/Desktop/Springboard/express-jobly/routes/auth.js">
        <metrics statements="30" coveredstatements="30" conditionals="4" coveredconditionals="4" methods="4" coveredmethods="4"/>
        <line num="5" count="4" type="stmt"/>
        <line num="7" count="4" type="stmt"/>
        <line num="8" count="4" type="stmt"/>
        <line num="9" count="4" type="stmt"/>
        <line num="10" count="4" type="stmt"/>
        <line num="11" count="4" type="stmt"/>
        <line num="12" count="4" type="stmt"/>
        <line num="13" count="4" type="stmt"/>
        <line num="22" count="4" type="stmt"/>
        <line num="23" count="5" type="stmt"/>
        <line num="24" count="5" type="stmt"/>
        <line num="25" count="5" type="cond" truecount="2" falsecount="0"/>
        <line num="26" count="2" type="stmt"/>
        <line num="27" count="2" type="stmt"/>
        <line num="30" count="3" type="stmt"/>
        <line num="31" count="3" type="stmt"/>
        <line num="32" count="1" type="stmt"/>
        <line num="33" count="1" type="stmt"/>
        <line num="35" count="4" type="stmt"/>
        <line num="48" count="4" type="stmt"/>
        <line num="49" count="3" type="stmt"/>
        <line num="50" count="3" type="stmt"/>
        <line num="51" count="3" type="cond" truecount="2" falsecount="0"/>
        <line num="52" count="5" type="stmt"/>
        <line num="53" count="2" type="stmt"/>
        <line num="56" count="1" type="stmt"/>
        <line num="57" count="1" type="stmt"/>
        <line num="58" count="1" type="stmt"/>
        <line num="60" count="2" type="stmt"/>
        <line num="64" count="4" type="stmt"/>
      </file>
      <file name="companies.js" path="/Users/juancorrea/Desktop/Springboard/express-jobly/routes/companies.js">
        <metrics statements="50" coveredstatements="50" conditionals="10" coveredconditionals="10" methods="8" coveredmethods="8"/>
        <line num="5" count="4" type="stmt"/>
        <line num="6" count="4" type="stmt"/>
        <line num="8" count="4" type="stmt"/>
        <line num="9" count="4" type="stmt"/>
        <line num="10" count="4" type="stmt"/>
        <line num="12" count="4" type="stmt"/>
        <line num="13" count="4" type="stmt"/>
        <line num="14" count="4" type="stmt"/>
        <line num="16" count="4" type="stmt"/>
        <line num="27" count="4" type="stmt"/>
        <line num="28" count="3" type="stmt"/>
        <line num="29" count="3" type="stmt"/>
        <line num="30" count="3" type="cond" truecount="2" falsecount="0"/>
        <line num="31" count="3" type="stmt"/>
        <line num="32" count="2" type="stmt"/>
        <line num="35" count="1" type="stmt"/>
        <line num="36" count="1" type="stmt"/>
        <line num="38" count="2" type="stmt"/>
        <line num="53" count="4" type="stmt"/>
        <line num="54" count="6" type="stmt"/>
        <line num="55" count="6" type="cond" truecount="2" falsecount="0"/>
        <line num="56" count="6" type="cond" truecount="2" falsecount="0"/>
        <line num="57" count="6" type="stmt"/>
        <line num="58" count="6" type="stmt"/>
        <line num="59" count="6" type="cond" truecount="2" falsecount="0"/>
        <line num="60" count="1" type="stmt"/>
        <line num="61" count="1" type="stmt"/>
        <line num="63" count="5" type="stmt"/>
        <line num="64" count="4" type="stmt"/>
        <line num="66" count="2" type="stmt"/>
        <line num="78" count="4" type="stmt"/>
        <line num="79" count="3" type="stmt"/>
        <line num="80" count="3" type="stmt"/>
        <line num="81" count="2" type="stmt"/>
        <line num="83" count="1" type="stmt"/>
        <line num="98" count="4" type="stmt"/>
        <line num="99" count="4" type="stmt"/>
        <line num="100" count="4" type="stmt"/>
        <line num="101" count="4" type="cond" truecount="2" falsecount="0"/>
        <line num="102" count="2" type="stmt"/>
        <line num="103" count="2" type="stmt"/>
        <line num="106" count="2" type="stmt"/>
        <line num="107" count="1" type="stmt"/>
        <line num="109" count="3" type="stmt"/>
        <line num="118" count="4" type="stmt"/>
        <line num="119" count="2" type="stmt"/>
        <line num="120" count="2" type="stmt"/>
        <line num="121" count="1" type="stmt"/>
        <line num="123" count="1" type="stmt"/>
        <line num="127" count="4" type="stmt"/>
      </file>
      <file name="users.js" path="/Users/juancorrea/Desktop/Springboard/express-jobly/routes/users.js">
        <metrics statements="44" coveredstatements="44" conditionals="4" coveredconditionals="4" methods="7" coveredmethods="7"/>
        <line num="5" count="4" type="stmt"/>
        <line num="7" count="4" type="stmt"/>
        <line num="8" count="4" type="stmt"/>
        <line num="9" count="4" type="stmt"/>
        <line num="10" count="4" type="stmt"/>
        <line num="11" count="4" type="stmt"/>
        <line num="12" count="4" type="stmt"/>
        <line num="13" count="4" type="stmt"/>
        <line num="15" count="4" type="stmt"/>
        <line num="29" count="4" type="stmt"/>
        <line num="30" count="4" type="stmt"/>
        <line num="31" count="4" type="stmt"/>
        <line num="32" count="4" type="cond" truecount="2" falsecount="0"/>
        <line num="33" count="5" type="stmt"/>
        <line num="34" count="2" type="stmt"/>
        <line num="37" count="2" type="stmt"/>
        <line num="38" count="2" type="stmt"/>
        <line num="39" count="2" type="stmt"/>
        <line num="41" count="2" type="stmt"/>
        <line num="52" count="4" type="stmt"/>
        <line num="53" count="2" type="stmt"/>
        <line num="54" count="2" type="stmt"/>
        <line num="55" count="1" type="stmt"/>
        <line num="57" count="1" type="stmt"/>
        <line num="68" count="4" type="stmt"/>
        <line num="69" count="2" type="stmt"/>
        <line num="70" count="2" type="stmt"/>
        <line num="71" count="1" type="stmt"/>
        <line num="73" count="1" type="stmt"/>
        <line num="87" count="4" type="stmt"/>
        <line num="88" count="4" type="stmt"/>
        <line num="89" count="4" type="stmt"/>
        <line num="90" count="4" type="cond" truecount="2" falsecount="0"/>
        <line num="91" count="1" type="stmt"/>
        <line num="92" count="1" type="stmt"/>
        <line num="95" count="3" type="stmt"/>
        <line num="96" count="2" type="stmt"/>
        <line num="98" count="2" type="stmt"/>
        <line num="107" count="4" type="stmt"/>
        <line num="108" count="2" type="stmt"/>
        <line num="109" count="2" type="stmt"/>
        <line num="110" count="1" type="stmt"/>
        <line num="112" count="1" type="stmt"/>
        <line num="116" count="4" type="stmt"/>
      </file>
    </package>
  </project>
</coverage>
