{"/Users/juancorrea/Desktop/Springboard/express-jobly/app.js": {"path":"/Users/juancorrea/Desktop/Springboard/express-jobly/app.js","statementMap":{"0":{"start":{"line":5,"column":16},"end":{"line":5,"column":34}},"1":{"start":{"line":6,"column":13},"end":{"line":6,"column":28}},"2":{"start":{"line":8,"column":26},"end":{"line":8,"column":51}},"3":{"start":{"line":10,"column":28},"end":{"line":10,"column":56}},"4":{"start":{"line":11,"column":19},"end":{"line":11,"column":43}},"5":{"start":{"line":12,"column":24},"end":{"line":12,"column":53}},"6":{"start":{"line":13,"column":20},"end":{"line":13,"column":45}},"7":{"start":{"line":15,"column":15},"end":{"line":15,"column":32}},"8":{"start":{"line":17,"column":12},"end":{"line":17,"column":21}},"9":{"start":{"line":19,"column":0},"end":{"line":19,"column":16}},"10":{"start":{"line":20,"column":0},"end":{"line":20,"column":24}},"11":{"start":{"line":21,"column":0},"end":{"line":21,"column":24}},"12":{"start":{"line":22,"column":0},"end":{"line":22,"column":25}},"13":{"start":{"line":24,"column":0},"end":{"line":24,"column":29}},"14":{"start":{"line":25,"column":0},"end":{"line":25,"column":39}},"15":{"start":{"line":26,"column":0},"end":{"line":26,"column":31}},"16":{"start":{"line":29,"column":0},"end":{"line":31,"column":3}},"17":{"start":{"line":30,"column":1},"end":{"line":30,"column":34}},"18":{"start":{"line":34,"column":0},"end":{"line":42,"column":3}},"19":{"start":{"line":35,"column":1},"end":{"line":35,"column":63}},"20":{"start":{"line":35,"column":38},"end":{"line":35,"column":63}},"21":{"start":{"line":36,"column":16},"end":{"line":36,"column":33}},"22":{"start":{"line":37,"column":17},"end":{"line":37,"column":28}},"23":{"start":{"line":39,"column":1},"end":{"line":41,"column":4}},"24":{"start":{"line":44,"column":0},"end":{"line":44,"column":21}}},"fnMap":{"0":{"name":"(anonymous_0)","decl":{"start":{"line":29,"column":8},"end":{"line":29,"column":9}},"loc":{"start":{"line":29,"column":33},"end":{"line":31,"column":1}},"line":29},"1":{"name":"(anonymous_1)","decl":{"start":{"line":34,"column":8},"end":{"line":34,"column":9}},"loc":{"start":{"line":34,"column":38},"end":{"line":42,"column":1}},"line":34}},"branchMap":{"0":{"loc":{"start":{"line":35,"column":1},"end":{"line":35,"column":63}},"type":"if","locations":[{"start":{"line":35,"column":1},"end":{"line":35,"column":63}},{"start":{"line":35,"column":1},"end":{"line":35,"column":63}}],"line":35},"1":{"loc":{"start":{"line":36,"column":16},"end":{"line":36,"column":33}},"type":"binary-expr","locations":[{"start":{"line":36,"column":16},"end":{"line":36,"column":26}},{"start":{"line":36,"column":30},"end":{"line":36,"column":33}}],"line":36}},"s":{"0":4,"1":4,"2":4,"3":4,"4":4,"5":4,"6":4,"7":4,"8":4,"9":4,"10":4,"11":4,"12":4,"13":4,"14":4,"15":4,"16":4,"17":2,"18":4,"19":31,"20":1,"21":31,"22":31,"23":31,"24":4},"f":{"0":2,"1":31},"b":{"0":[1,30],"1":[31,2]},"_coverageSchema":"1a1c01bbd47fc00a2c39e90264f33305004495a9","hash":"fc637db2d4cc5078a71573500d173dc2e79a5a48"}
,"/Users/juancorrea/Desktop/Springboard/express-jobly/config.js": {"path":"/Users/juancorrea/Desktop/Springboard/express-jobly/config.js","statementMap":{"0":{"start":{"line":5,"column":0},"end":{"line":5,"column":27}},"1":{"start":{"line":6,"column":0},"end":{"line":6,"column":18}},"2":{"start":{"line":8,"column":19},"end":{"line":8,"column":57}},"3":{"start":{"line":10,"column":13},"end":{"line":10,"column":38}},"4":{"start":{"line":14,"column":2},"end":{"line":16,"column":44}},"5":{"start":{"line":22,"column":27},"end":{"line":22,"column":67}},"6":{"start":{"line":24,"column":0},"end":{"line":24,"column":35}},"7":{"start":{"line":25,"column":0},"end":{"line":25,"column":46}},"8":{"start":{"line":26,"column":0},"end":{"line":26,"column":45}},"9":{"start":{"line":27,"column":0},"end":{"line":27,"column":61}},"10":{"start":{"line":28,"column":0},"end":{"line":28,"column":50}},"11":{"start":{"line":29,"column":0},"end":{"line":29,"column":19}},"12":{"start":{"line":31,"column":0},"end":{"line":36,"column":2}}},"fnMap":{"0":{"name":"getDatabaseUri","decl":{"start":{"line":13,"column":9},"end":{"line":13,"column":23}},"loc":{"start":{"line":13,"column":26},"end":{"line":17,"column":1}},"line":13}},"branchMap":{"0":{"loc":{"start":{"line":8,"column":19},"end":{"line":8,"column":57}},"type":"binary-expr","locations":[{"start":{"line":8,"column":19},"end":{"line":8,"column":41}},{"start":{"line":8,"column":45},"end":{"line":8,"column":57}}],"line":8},"1":{"loc":{"start":{"line":10,"column":13},"end":{"line":10,"column":38}},"type":"binary-expr","locations":[{"start":{"line":10,"column":13},"end":{"line":10,"column":30}},{"start":{"line":10,"column":34},"end":{"line":10,"column":38}}],"line":10},"2":{"loc":{"start":{"line":14,"column":9},"end":{"line":16,"column":43}},"type":"cond-expr","locations":[{"start":{"line":15,"column":8},"end":{"line":15,"column":20}},{"start":{"line":16,"column":8},"end":{"line":16,"column":43}}],"line":14},"3":{"loc":{"start":{"line":16,"column":8},"end":{"line":16,"column":43}},"type":"binary-expr","locations":[{"start":{"line":16,"column":8},"end":{"line":16,"column":32}},{"start":{"line":16,"column":36},"end":{"line":16,"column":43}}],"line":16},"4":{"loc":{"start":{"line":22,"column":27},"end":{"line":22,"column":67}},"type":"cond-expr","locations":[{"start":{"line":22,"column":61},"end":{"line":22,"column":62}},{"start":{"line":22,"column":65},"end":{"line":22,"column":67}}],"line":22}},"s":{"0":9,"1":9,"2":9,"3":9,"4":18,"5":9,"6":9,"7":9,"8":9,"9":9,"10":9,"11":9,"12":9},"f":{"0":18},"b":{"0":[9,8],"1":[9,8],"2":[15,3],"3":[3,1],"4":[8,1]},"_coverageSchema":"1a1c01bbd47fc00a2c39e90264f33305004495a9","hash":"115f3cd9bbc4e049520104502a66da725429ba10"}
,"/Users/juancorrea/Desktop/Springboard/express-jobly/db.js": {"path":"/Users/juancorrea/Desktop/Springboard/express-jobly/db.js","statementMap":{"0":{"start":{"line":3,"column":19},"end":{"line":3,"column":32}},"1":{"start":{"line":4,"column":27},"end":{"line":4,"column":46}},"2":{"start":{"line":8,"column":0},"end":{"line":19,"column":1}},"3":{"start":{"line":9,"column":2},"end":{"line":14,"column":5}},"4":{"start":{"line":16,"column":2},"end":{"line":18,"column":5}},"5":{"start":{"line":21,"column":0},"end":{"line":21,"column":13}},"6":{"start":{"line":23,"column":0},"end":{"line":23,"column":20}}},"fnMap":{},"branchMap":{"0":{"loc":{"start":{"line":8,"column":0},"end":{"line":19,"column":1}},"type":"if","locations":[{"start":{"line":8,"column":0},"end":{"line":19,"column":1}},{"start":{"line":8,"column":0},"end":{"line":19,"column":1}}],"line":8}},"s":{"0":6,"1":6,"2":6,"3":0,"4":6,"5":6,"6":6},"f":{},"b":{"0":[0,6]},"_coverageSchema":"1a1c01bbd47fc00a2c39e90264f33305004495a9","hash":"31851f3daf07ea2bfe723e3277a901a2fd45d031"}
,"/Users/juancorrea/Desktop/Springboard/express-jobly/expressError.js": {"path":"/Users/juancorrea/Desktop/Springboard/express-jobly/expressError.js","statementMap":{"0":{"start":{"line":9,"column":4},"end":{"line":9,"column":12}},"1":{"start":{"line":10,"column":4},"end":{"line":10,"column":27}},"2":{"start":{"line":11,"column":4},"end":{"line":11,"column":25}},"3":{"start":{"line":19,"column":4},"end":{"line":19,"column":24}},"4":{"start":{"line":27,"column":4},"end":{"line":27,"column":24}},"5":{"start":{"line":35,"column":4},"end":{"line":35,"column":24}},"6":{"start":{"line":43,"column":4},"end":{"line":43,"column":24}},"7":{"start":{"line":47,"column":0},"end":{"line":53,"column":2}}},"fnMap":{"0":{"name":"(anonymous_0)","decl":{"start":{"line":8,"column":2},"end":{"line":8,"column":3}},"loc":{"start":{"line":8,"column":31},"end":{"line":12,"column":3}},"line":8},"1":{"name":"(anonymous_1)","decl":{"start":{"line":18,"column":2},"end":{"line":18,"column":3}},"loc":{"start":{"line":18,"column":37},"end":{"line":20,"column":3}},"line":18},"2":{"name":"(anonymous_2)","decl":{"start":{"line":26,"column":2},"end":{"line":26,"column":3}},"loc":{"start":{"line":26,"column":40},"end":{"line":28,"column":3}},"line":26},"3":{"name":"(anonymous_3)","decl":{"start":{"line":34,"column":2},"end":{"line":34,"column":3}},"loc":{"start":{"line":34,"column":39},"end":{"line":36,"column":3}},"line":34},"4":{"name":"(anonymous_4)","decl":{"start":{"line":42,"column":2},"end":{"line":42,"column":3}},"loc":{"start":{"line":42,"column":39},"end":{"line":44,"column":3}},"line":42}},"branchMap":{"0":{"loc":{"start":{"line":18,"column":14},"end":{"line":18,"column":35}},"type":"default-arg","locations":[{"start":{"line":18,"column":24},"end":{"line":18,"column":35}}],"line":18},"1":{"loc":{"start":{"line":26,"column":14},"end":{"line":26,"column":38}},"type":"default-arg","locations":[{"start":{"line":26,"column":24},"end":{"line":26,"column":38}}],"line":26},"2":{"loc":{"start":{"line":34,"column":14},"end":{"line":34,"column":37}},"type":"default-arg","locations":[{"start":{"line":34,"column":24},"end":{"line":34,"column":37}}],"line":34},"3":{"loc":{"start":{"line":42,"column":14},"end":{"line":42,"column":37}},"type":"default-arg","locations":[{"start":{"line":42,"column":24},"end":{"line":42,"column":37}}],"line":42}},"s":{"0":43,"1":43,"2":43,"3":14,"4":12,"5":17,"6":0,"7":8},"f":{"0":43,"1":14,"2":12,"3":17,"4":0},"b":{"0":[2],"1":[8],"2":[0],"3":[0]},"_coverageSchema":"1a1c01bbd47fc00a2c39e90264f33305004495a9","hash":"5c02428029811c1355ba2889c48ca6da67db1e06"}
,"/Users/juancorrea/Desktop/Springboard/express-jobly/helpers/sql.js": {"path":"/Users/juancorrea/Desktop/Springboard/express-jobly/helpers/sql.js","statementMap":{"0":{"start":{"line":1,"column":28},"end":{"line":1,"column":54}},"1":{"start":{"line":16,"column":14},"end":{"line":16,"column":39}},"2":{"start":{"line":17,"column":1},"end":{"line":17,"column":61}},"3":{"start":{"line":17,"column":24},"end":{"line":17,"column":61}},"4":{"start":{"line":20,"column":14},"end":{"line":20,"column":88}},"5":{"start":{"line":20,"column":41},"end":{"line":20,"column":87}},"6":{"start":{"line":22,"column":1},"end":{"line":25,"column":3}},"7":{"start":{"line":28,"column":0},"end":{"line":28,"column":41}}},"fnMap":{"0":{"name":"sqlForPartialUpdate","decl":{"start":{"line":15,"column":9},"end":{"line":15,"column":28}},"loc":{"start":{"line":15,"column":52},"end":{"line":26,"column":1}},"line":15},"1":{"name":"(anonymous_1)","decl":{"start":{"line":20,"column":23},"end":{"line":20,"column":24}},"loc":{"start":{"line":20,"column":41},"end":{"line":20,"column":87}},"line":20}},"branchMap":{"0":{"loc":{"start":{"line":17,"column":1},"end":{"line":17,"column":61}},"type":"if","locations":[{"start":{"line":17,"column":1},"end":{"line":17,"column":61}},{"start":{"line":17,"column":1},"end":{"line":17,"column":61}}],"line":17},"1":{"loc":{"start":{"line":20,"column":45},"end":{"line":20,"column":72}},"type":"binary-expr","locations":[{"start":{"line":20,"column":45},"end":{"line":20,"column":61}},{"start":{"line":20,"column":65},"end":{"line":20,"column":72}}],"line":20}},"s":{"0":7,"1":15,"2":15,"3":2,"4":13,"5":26,"6":13,"7":7},"f":{"0":15,"1":26},"b":{"0":[2,13],"1":[26,11]},"_coverageSchema":"1a1c01bbd47fc00a2c39e90264f33305004495a9","hash":"d9e498194e0d040c13ae7e653dc50a9fa7b902fd"}
,"/Users/juancorrea/Desktop/Springboard/express-jobly/helpers/tokens.js": {"path":"/Users/juancorrea/Desktop/Springboard/express-jobly/helpers/tokens.js","statementMap":{"0":{"start":{"line":1,"column":12},"end":{"line":1,"column":35}},"1":{"start":{"line":2,"column":23},"end":{"line":2,"column":43}},"2":{"start":{"line":7,"column":1},"end":{"line":7,"column":96}},"3":{"start":{"line":9,"column":15},"end":{"line":12,"column":2}},"4":{"start":{"line":14,"column":1},"end":{"line":14,"column":38}},"5":{"start":{"line":17,"column":0},"end":{"line":17,"column":33}}},"fnMap":{"0":{"name":"createToken","decl":{"start":{"line":6,"column":9},"end":{"line":6,"column":20}},"loc":{"start":{"line":6,"column":27},"end":{"line":15,"column":1}},"line":6}},"branchMap":{"0":{"loc":{"start":{"line":11,"column":11},"end":{"line":11,"column":32}},"type":"binary-expr","locations":[{"start":{"line":11,"column":11},"end":{"line":11,"column":23}},{"start":{"line":11,"column":27},"end":{"line":11,"column":32}}],"line":11}},"s":{"0":5,"1":5,"2":10,"3":10,"4":10,"5":5},"f":{"0":10},"b":{"0":[10,8]},"_coverageSchema":"1a1c01bbd47fc00a2c39e90264f33305004495a9","hash":"780ca33d21557bbefe99b3e25a2b6f94468a4ced"}
,"/Users/juancorrea/Desktop/Springboard/express-jobly/middleware/auth.js": {"path":"/Users/juancorrea/Desktop/Springboard/express-jobly/middleware/auth.js","statementMap":{"0":{"start":{"line":5,"column":12},"end":{"line":5,"column":35}},"1":{"start":{"line":6,"column":23},"end":{"line":6,"column":43}},"2":{"start":{"line":7,"column":30},"end":{"line":7,"column":56}},"3":{"start":{"line":19,"column":2},"end":{"line":28,"column":3}},"4":{"start":{"line":20,"column":23},"end":{"line":20,"column":63}},"5":{"start":{"line":21,"column":4},"end":{"line":24,"column":5}},"6":{"start":{"line":22,"column":20},"end":{"line":22,"column":64}},"7":{"start":{"line":23,"column":6},"end":{"line":23,"column":54}},"8":{"start":{"line":25,"column":4},"end":{"line":25,"column":18}},"9":{"start":{"line":27,"column":4},"end":{"line":27,"column":18}},"10":{"start":{"line":37,"column":2},"end":{"line":42,"column":3}},"11":{"start":{"line":38,"column":4},"end":{"line":38,"column":56}},"12":{"start":{"line":38,"column":26},"end":{"line":38,"column":56}},"13":{"start":{"line":39,"column":4},"end":{"line":39,"column":18}},"14":{"start":{"line":41,"column":4},"end":{"line":41,"column":21}},"15":{"start":{"line":46,"column":0},"end":{"line":49,"column":2}}},"fnMap":{"0":{"name":"authenticateJWT","decl":{"start":{"line":18,"column":9},"end":{"line":18,"column":24}},"loc":{"start":{"line":18,"column":41},"end":{"line":29,"column":1}},"line":18},"1":{"name":"ensureLoggedIn","decl":{"start":{"line":36,"column":9},"end":{"line":36,"column":23}},"loc":{"start":{"line":36,"column":40},"end":{"line":43,"column":1}},"line":36}},"branchMap":{"0":{"loc":{"start":{"line":20,"column":23},"end":{"line":20,"column":63}},"type":"binary-expr","locations":[{"start":{"line":20,"column":23},"end":{"line":20,"column":34}},{"start":{"line":20,"column":38},"end":{"line":20,"column":63}}],"line":20},"1":{"loc":{"start":{"line":21,"column":4},"end":{"line":24,"column":5}},"type":"if","locations":[{"start":{"line":21,"column":4},"end":{"line":24,"column":5}},{"start":{"line":21,"column":4},"end":{"line":24,"column":5}}],"line":21},"2":{"loc":{"start":{"line":38,"column":4},"end":{"line":38,"column":56}},"type":"if","locations":[{"start":{"line":38,"column":4},"end":{"line":38,"column":56}},{"start":{"line":38,"column":4},"end":{"line":38,"column":56}}],"line":38}},"s":{"0":5,"1":5,"2":5,"3":52,"4":52,"5":52,"6":26,"7":26,"8":51,"9":1,"10":32,"11":32,"12":8,"13":24,"14":8,"15":5},"f":{"0":52,"1":32},"b":{"0":[52,51],"1":[26,26],"2":[8,24]},"_coverageSchema":"1a1c01bbd47fc00a2c39e90264f33305004495a9","hash":"8dce2c6a7139256ae717f18cf6a446506c47990a"}
,"/Users/juancorrea/Desktop/Springboard/express-jobly/models/_testCommon.js": {"path":"/Users/juancorrea/Desktop/Springboard/express-jobly/models/_testCommon.js","statementMap":{"0":{"start":{"line":1,"column":15},"end":{"line":1,"column":32}},"1":{"start":{"line":3,"column":11},"end":{"line":3,"column":30}},"2":{"start":{"line":4,"column":31},"end":{"line":4,"column":51}},"3":{"start":{"line":8,"column":2},"end":{"line":8,"column":42}},"4":{"start":{"line":10,"column":2},"end":{"line":10,"column":38}},"5":{"start":{"line":12,"column":2},"end":{"line":16,"column":55}},"6":{"start":{"line":18,"column":2},"end":{"line":30,"column":9}},"7":{"start":{"line":34,"column":2},"end":{"line":34,"column":26}},"8":{"start":{"line":38,"column":2},"end":{"line":38,"column":29}},"9":{"start":{"line":42,"column":2},"end":{"line":42,"column":17}},"10":{"start":{"line":46,"column":0},"end":{"line":51,"column":2}}},"fnMap":{"0":{"name":"commonBeforeAll","decl":{"start":{"line":6,"column":15},"end":{"line":6,"column":30}},"loc":{"start":{"line":6,"column":33},"end":{"line":31,"column":1}},"line":6},"1":{"name":"commonBeforeEach","decl":{"start":{"line":33,"column":15},"end":{"line":33,"column":31}},"loc":{"start":{"line":33,"column":34},"end":{"line":35,"column":1}},"line":33},"2":{"name":"commonAfterEach","decl":{"start":{"line":37,"column":15},"end":{"line":37,"column":30}},"loc":{"start":{"line":37,"column":33},"end":{"line":39,"column":1}},"line":37},"3":{"name":"commonAfterAll","decl":{"start":{"line":41,"column":15},"end":{"line":41,"column":29}},"loc":{"start":{"line":41,"column":32},"end":{"line":43,"column":1}},"line":41}},"branchMap":{},"s":{"0":2,"1":2,"2":2,"3":2,"4":2,"5":2,"6":2,"7":31,"8":31,"9":2,"10":2},"f":{"0":2,"1":31,"2":31,"3":2},"b":{},"_coverageSchema":"1a1c01bbd47fc00a2c39e90264f33305004495a9","hash":"73e10477e43e4c3071396dafa80958a0fe64bab5"}
,"/Users/juancorrea/Desktop/Springboard/express-jobly/models/company.js": {"path":"/Users/juancorrea/Desktop/Springboard/express-jobly/models/company.js","statementMap":{"0":{"start":{"line":3,"column":11},"end":{"line":3,"column":27}},"1":{"start":{"line":4,"column":43},"end":{"line":4,"column":69}},"2":{"start":{"line":5,"column":32},"end":{"line":5,"column":57}},"3":{"start":{"line":20,"column":25},"end":{"line":25,"column":3}},"4":{"start":{"line":27,"column":2},"end":{"line":27,"column":88}},"5":{"start":{"line":27,"column":30},"end":{"line":27,"column":88}},"6":{"start":{"line":29,"column":17},"end":{"line":35,"column":3}},"7":{"start":{"line":36,"column":18},"end":{"line":36,"column":32}},"8":{"start":{"line":38,"column":2},"end":{"line":38,"column":17}},"9":{"start":{"line":47,"column":14},"end":{"line":53,"column":12}},"10":{"start":{"line":54,"column":51},"end":{"line":54,"column":58}},"11":{"start":{"line":56,"column":25},"end":{"line":56,"column":27}},"12":{"start":{"line":57,"column":20},"end":{"line":57,"column":22}},"13":{"start":{"line":59,"column":2},"end":{"line":61,"column":3}},"14":{"start":{"line":60,"column":3},"end":{"line":60,"column":73}},"15":{"start":{"line":63,"column":2},"end":{"line":66,"column":3}},"16":{"start":{"line":64,"column":3},"end":{"line":64,"column":34}},"17":{"start":{"line":65,"column":3},"end":{"line":65,"column":68}},"18":{"start":{"line":67,"column":2},"end":{"line":70,"column":3}},"19":{"start":{"line":68,"column":3},"end":{"line":68,"column":34}},"20":{"start":{"line":69,"column":3},"end":{"line":69,"column":68}},"21":{"start":{"line":72,"column":2},"end":{"line":75,"column":3}},"22":{"start":{"line":73,"column":3},"end":{"line":73,"column":37}},"23":{"start":{"line":74,"column":3},"end":{"line":74,"column":62}},"24":{"start":{"line":77,"column":2},"end":{"line":79,"column":3}},"25":{"start":{"line":78,"column":3},"end":{"line":78,"column":55}},"26":{"start":{"line":81,"column":2},"end":{"line":81,"column":28}},"27":{"start":{"line":83,"column":23},"end":{"line":83,"column":57}},"28":{"start":{"line":84,"column":2},"end":{"line":84,"column":27}},"29":{"start":{"line":96,"column":21},"end":{"line":105,"column":3}},"30":{"start":{"line":107,"column":18},"end":{"line":107,"column":36}},"31":{"start":{"line":109,"column":2},"end":{"line":109,"column":65}},"32":{"start":{"line":109,"column":16},"end":{"line":109,"column":65}},"33":{"start":{"line":111,"column":2},"end":{"line":111,"column":17}},"34":{"start":{"line":127,"column":30},"end":{"line":130,"column":4}},"35":{"start":{"line":131,"column":23},"end":{"line":131,"column":48}},"36":{"start":{"line":133,"column":19},"end":{"line":140,"column":54}},"37":{"start":{"line":141,"column":17},"end":{"line":141,"column":64}},"38":{"start":{"line":142,"column":18},"end":{"line":142,"column":32}},"39":{"start":{"line":144,"column":2},"end":{"line":144,"column":65}},"40":{"start":{"line":144,"column":16},"end":{"line":144,"column":65}},"41":{"start":{"line":146,"column":2},"end":{"line":146,"column":17}},"42":{"start":{"line":155,"column":17},"end":{"line":161,"column":3}},"43":{"start":{"line":162,"column":18},"end":{"line":162,"column":32}},"44":{"start":{"line":164,"column":2},"end":{"line":164,"column":65}},"45":{"start":{"line":164,"column":16},"end":{"line":164,"column":65}},"46":{"start":{"line":168,"column":0},"end":{"line":168,"column":25}}},"fnMap":{"0":{"name":"(anonymous_0)","decl":{"start":{"line":19,"column":1},"end":{"line":19,"column":2}},"loc":{"start":{"line":19,"column":75},"end":{"line":39,"column":2}},"line":19},"1":{"name":"(anonymous_1)","decl":{"start":{"line":46,"column":1},"end":{"line":46,"column":2}},"loc":{"start":{"line":46,"column":36},"end":{"line":85,"column":2}},"line":46},"2":{"name":"(anonymous_2)","decl":{"start":{"line":95,"column":1},"end":{"line":95,"column":2}},"loc":{"start":{"line":95,"column":26},"end":{"line":112,"column":2}},"line":95},"3":{"name":"(anonymous_3)","decl":{"start":{"line":126,"column":1},"end":{"line":126,"column":2}},"loc":{"start":{"line":126,"column":35},"end":{"line":147,"column":2}},"line":126},"4":{"name":"(anonymous_4)","decl":{"start":{"line":154,"column":1},"end":{"line":154,"column":2}},"loc":{"start":{"line":154,"column":29},"end":{"line":165,"column":2}},"line":154}},"branchMap":{"0":{"loc":{"start":{"line":27,"column":2},"end":{"line":27,"column":88}},"type":"if","locations":[{"start":{"line":27,"column":2},"end":{"line":27,"column":88}},{"start":{"line":27,"column":2},"end":{"line":27,"column":88}}],"line":27},"1":{"loc":{"start":{"line":46,"column":22},"end":{"line":46,"column":34}},"type":"default-arg","locations":[{"start":{"line":46,"column":32},"end":{"line":46,"column":34}}],"line":46},"2":{"loc":{"start":{"line":59,"column":2},"end":{"line":61,"column":3}},"type":"if","locations":[{"start":{"line":59,"column":2},"end":{"line":61,"column":3}},{"start":{"line":59,"column":2},"end":{"line":61,"column":3}}],"line":59},"3":{"loc":{"start":{"line":63,"column":2},"end":{"line":66,"column":3}},"type":"if","locations":[{"start":{"line":63,"column":2},"end":{"line":66,"column":3}},{"start":{"line":63,"column":2},"end":{"line":66,"column":3}}],"line":63},"4":{"loc":{"start":{"line":67,"column":2},"end":{"line":70,"column":3}},"type":"if","locations":[{"start":{"line":67,"column":2},"end":{"line":70,"column":3}},{"start":{"line":67,"column":2},"end":{"line":70,"column":3}}],"line":67},"5":{"loc":{"start":{"line":72,"column":2},"end":{"line":75,"column":3}},"type":"if","locations":[{"start":{"line":72,"column":2},"end":{"line":75,"column":3}},{"start":{"line":72,"column":2},"end":{"line":75,"column":3}}],"line":72},"6":{"loc":{"start":{"line":77,"column":2},"end":{"line":79,"column":3}},"type":"if","locations":[{"start":{"line":77,"column":2},"end":{"line":79,"column":3}},{"start":{"line":77,"column":2},"end":{"line":79,"column":3}}],"line":77},"7":{"loc":{"start":{"line":109,"column":2},"end":{"line":109,"column":65}},"type":"if","locations":[{"start":{"line":109,"column":2},"end":{"line":109,"column":65}},{"start":{"line":109,"column":2},"end":{"line":109,"column":65}}],"line":109},"8":{"loc":{"start":{"line":144,"column":2},"end":{"line":144,"column":65}},"type":"if","locations":[{"start":{"line":144,"column":2},"end":{"line":144,"column":65}},{"start":{"line":144,"column":2},"end":{"line":144,"column":65}}],"line":144},"9":{"loc":{"start":{"line":164,"column":2},"end":{"line":164,"column":65}},"type":"if","locations":[{"start":{"line":164,"column":2},"end":{"line":164,"column":65}},{"start":{"line":164,"column":2},"end":{"line":164,"column":65}}],"line":164}},"s":{"0":5,"1":5,"2":5,"3":13,"4":13,"5":1,"6":12,"7":12,"8":12,"9":11,"10":11,"11":11,"12":11,"13":11,"14":1,"15":10,"16":4,"17":4,"18":10,"19":2,"20":2,"21":10,"22":4,"23":4,"24":10,"25":7,"26":10,"27":10,"28":9,"29":5,"30":5,"31":5,"32":2,"33":3,"34":6,"35":5,"36":5,"37":5,"38":5,"39":5,"40":2,"41":3,"42":4,"43":4,"44":4,"45":2,"46":5},"f":{"0":13,"1":11,"2":5,"3":6,"4":4},"b":{"0":[1,12],"1":[1],"2":[1,10],"3":[4,6],"4":[2,8],"5":[4,6],"6":[7,3],"7":[2,3],"8":[2,3],"9":[2,2]},"_coverageSchema":"1a1c01bbd47fc00a2c39e90264f33305004495a9","hash":"e6276b2c986ba1b1caff02e76242f93e2dad7611"}
,"/Users/juancorrea/Desktop/Springboard/express-jobly/models/user.js": {"path":"/Users/juancorrea/Desktop/Springboard/express-jobly/models/user.js","statementMap":{"0":{"start":{"line":3,"column":11},"end":{"line":3,"column":27}},"1":{"start":{"line":4,"column":15},"end":{"line":4,"column":32}},"2":{"start":{"line":5,"column":32},"end":{"line":5,"column":57}},"3":{"start":{"line":6,"column":62},"end":{"line":6,"column":88}},"4":{"start":{"line":8,"column":31},"end":{"line":8,"column":54}},"5":{"start":{"line":22,"column":17},"end":{"line":32,"column":3}},"6":{"start":{"line":34,"column":15},"end":{"line":34,"column":29}},"7":{"start":{"line":36,"column":2},"end":{"line":43,"column":3}},"8":{"start":{"line":38,"column":19},"end":{"line":38,"column":64}},"9":{"start":{"line":39,"column":3},"end":{"line":42,"column":4}},"10":{"start":{"line":40,"column":4},"end":{"line":40,"column":25}},"11":{"start":{"line":41,"column":4},"end":{"line":41,"column":16}},"12":{"start":{"line":45,"column":2},"end":{"line":45,"column":59}},"13":{"start":{"line":56,"column":25},"end":{"line":61,"column":3}},"14":{"start":{"line":63,"column":2},"end":{"line":65,"column":3}},"15":{"start":{"line":64,"column":3},"end":{"line":64,"column":64}},"16":{"start":{"line":67,"column":25},"end":{"line":67,"column":72}},"17":{"start":{"line":69,"column":17},"end":{"line":80,"column":3}},"18":{"start":{"line":82,"column":15},"end":{"line":82,"column":29}},"19":{"start":{"line":84,"column":2},"end":{"line":84,"column":14}},"20":{"start":{"line":93,"column":17},"end":{"line":101,"column":3}},"21":{"start":{"line":103,"column":2},"end":{"line":103,"column":21}},"22":{"start":{"line":115,"column":18},"end":{"line":124,"column":3}},"23":{"start":{"line":126,"column":15},"end":{"line":126,"column":30}},"24":{"start":{"line":128,"column":2},"end":{"line":128,"column":61}},"25":{"start":{"line":128,"column":13},"end":{"line":128,"column":61}},"26":{"start":{"line":130,"column":2},"end":{"line":130,"column":14}},"27":{"start":{"line":151,"column":2},"end":{"line":153,"column":3}},"28":{"start":{"line":152,"column":3},"end":{"line":152,"column":72}},"29":{"start":{"line":155,"column":30},"end":{"line":159,"column":4}},"30":{"start":{"line":160,"column":25},"end":{"line":160,"column":50}},"31":{"start":{"line":162,"column":19},"end":{"line":169,"column":54}},"32":{"start":{"line":170,"column":17},"end":{"line":170,"column":66}},"33":{"start":{"line":171,"column":15},"end":{"line":171,"column":29}},"34":{"start":{"line":173,"column":2},"end":{"line":173,"column":61}},"35":{"start":{"line":173,"column":13},"end":{"line":173,"column":61}},"36":{"start":{"line":175,"column":2},"end":{"line":175,"column":23}},"37":{"start":{"line":176,"column":2},"end":{"line":176,"column":14}},"38":{"start":{"line":182,"column":15},"end":{"line":188,"column":3}},"39":{"start":{"line":189,"column":15},"end":{"line":189,"column":29}},"40":{"start":{"line":191,"column":2},"end":{"line":191,"column":61}},"41":{"start":{"line":191,"column":13},"end":{"line":191,"column":61}},"42":{"start":{"line":195,"column":0},"end":{"line":195,"column":22}}},"fnMap":{"0":{"name":"(anonymous_0)","decl":{"start":{"line":20,"column":1},"end":{"line":20,"column":2}},"loc":{"start":{"line":20,"column":47},"end":{"line":46,"column":2}},"line":20},"1":{"name":"(anonymous_1)","decl":{"start":{"line":55,"column":1},"end":{"line":55,"column":2}},"loc":{"start":{"line":55,"column":84},"end":{"line":85,"column":2}},"line":55},"2":{"name":"(anonymous_2)","decl":{"start":{"line":92,"column":1},"end":{"line":92,"column":2}},"loc":{"start":{"line":92,"column":24},"end":{"line":104,"column":2}},"line":92},"3":{"name":"(anonymous_3)","decl":{"start":{"line":114,"column":1},"end":{"line":114,"column":2}},"loc":{"start":{"line":114,"column":28},"end":{"line":131,"column":2}},"line":114},"4":{"name":"(anonymous_4)","decl":{"start":{"line":150,"column":1},"end":{"line":150,"column":2}},"loc":{"start":{"line":150,"column":37},"end":{"line":177,"column":2}},"line":150},"5":{"name":"(anonymous_5)","decl":{"start":{"line":181,"column":1},"end":{"line":181,"column":2}},"loc":{"start":{"line":181,"column":31},"end":{"line":192,"column":2}},"line":181}},"branchMap":{"0":{"loc":{"start":{"line":36,"column":2},"end":{"line":43,"column":3}},"type":"if","locations":[{"start":{"line":36,"column":2},"end":{"line":43,"column":3}},{"start":{"line":36,"column":2},"end":{"line":43,"column":3}}],"line":36},"1":{"loc":{"start":{"line":39,"column":3},"end":{"line":42,"column":4}},"type":"if","locations":[{"start":{"line":39,"column":3},"end":{"line":42,"column":4}},{"start":{"line":39,"column":3},"end":{"line":42,"column":4}}],"line":39},"2":{"loc":{"start":{"line":63,"column":2},"end":{"line":65,"column":3}},"type":"if","locations":[{"start":{"line":63,"column":2},"end":{"line":65,"column":3}},{"start":{"line":63,"column":2},"end":{"line":65,"column":3}}],"line":63},"3":{"loc":{"start":{"line":128,"column":2},"end":{"line":128,"column":61}},"type":"if","locations":[{"start":{"line":128,"column":2},"end":{"line":128,"column":61}},{"start":{"line":128,"column":2},"end":{"line":128,"column":61}}],"line":128},"4":{"loc":{"start":{"line":151,"column":2},"end":{"line":153,"column":3}},"type":"if","locations":[{"start":{"line":151,"column":2},"end":{"line":153,"column":3}},{"start":{"line":151,"column":2},"end":{"line":153,"column":3}}],"line":151},"5":{"loc":{"start":{"line":173,"column":2},"end":{"line":173,"column":61}},"type":"if","locations":[{"start":{"line":173,"column":2},"end":{"line":173,"column":61}},{"start":{"line":173,"column":2},"end":{"line":173,"column":61}}],"line":173},"6":{"loc":{"start":{"line":191,"column":2},"end":{"line":191,"column":61}},"type":"if","locations":[{"start":{"line":191,"column":2},"end":{"line":191,"column":61}},{"start":{"line":191,"column":2},"end":{"line":191,"column":61}}],"line":191}},"s":{"0":5,"1":5,"2":5,"3":5,"4":5,"5":7,"6":7,"7":7,"8":4,"9":4,"10":3,"11":3,"12":4,"13":16,"14":16,"15":1,"16":15,"17":15,"18":15,"19":15,"20":3,"21":2,"22":4,"23":4,"24":4,"25":2,"26":2,"27":7,"28":2,"29":7,"30":6,"31":6,"32":6,"33":6,"34":6,"35":2,"36":4,"37":4,"38":4,"39":4,"40":4,"41":2,"42":5},"f":{"0":7,"1":16,"2":3,"3":4,"4":7,"5":4},"b":{"0":[4,3],"1":[3,1],"2":[1,15],"3":[2,2],"4":[2,5],"5":[2,4],"6":[2,2]},"_coverageSchema":"1a1c01bbd47fc00a2c39e90264f33305004495a9","hash":"66495d8d2edc7e8ba5ef3cd3f902900914739eec"}
,"/Users/juancorrea/Desktop/Springboard/express-jobly/routes/_testCommon.js": {"path":"/Users/juancorrea/Desktop/Springboard/express-jobly/routes/_testCommon.js","statementMap":{"0":{"start":{"line":3,"column":11},"end":{"line":3,"column":30}},"1":{"start":{"line":4,"column":13},"end":{"line":4,"column":38}},"2":{"start":{"line":5,"column":16},"end":{"line":5,"column":44}},"3":{"start":{"line":6,"column":24},"end":{"line":6,"column":52}},"4":{"start":{"line":10,"column":2},"end":{"line":10,"column":38}},"5":{"start":{"line":12,"column":2},"end":{"line":12,"column":42}},"6":{"start":{"line":14,"column":2},"end":{"line":21,"column":9}},"7":{"start":{"line":22,"column":2},"end":{"line":29,"column":9}},"8":{"start":{"line":30,"column":2},"end":{"line":37,"column":9}},"9":{"start":{"line":39,"column":2},"end":{"line":46,"column":5}},"10":{"start":{"line":47,"column":2},"end":{"line":54,"column":5}},"11":{"start":{"line":55,"column":2},"end":{"line":62,"column":5}},"12":{"start":{"line":66,"column":2},"end":{"line":66,"column":26}},"13":{"start":{"line":70,"column":2},"end":{"line":70,"column":29}},"14":{"start":{"line":74,"column":2},"end":{"line":74,"column":17}},"15":{"start":{"line":78,"column":16},"end":{"line":78,"column":63}},"16":{"start":{"line":81,"column":0},"end":{"line":87,"column":2}}},"fnMap":{"0":{"name":"commonBeforeAll","decl":{"start":{"line":8,"column":15},"end":{"line":8,"column":30}},"loc":{"start":{"line":8,"column":33},"end":{"line":63,"column":1}},"line":8},"1":{"name":"commonBeforeEach","decl":{"start":{"line":65,"column":15},"end":{"line":65,"column":31}},"loc":{"start":{"line":65,"column":34},"end":{"line":67,"column":1}},"line":65},"2":{"name":"commonAfterEach","decl":{"start":{"line":69,"column":15},"end":{"line":69,"column":30}},"loc":{"start":{"line":69,"column":33},"end":{"line":71,"column":1}},"line":69},"3":{"name":"commonAfterAll","decl":{"start":{"line":73,"column":15},"end":{"line":73,"column":29}},"loc":{"start":{"line":73,"column":32},"end":{"line":75,"column":1}},"line":73}},"branchMap":{},"s":{"0":3,"1":3,"2":3,"3":3,"4":3,"5":3,"6":3,"7":3,"8":3,"9":3,"10":3,"11":3,"12":47,"13":47,"14":3,"15":3,"16":3},"f":{"0":3,"1":47,"2":47,"3":3},"b":{},"_coverageSchema":"1a1c01bbd47fc00a2c39e90264f33305004495a9","hash":"de6311892d996c2ed8809ba54e7dd9cd2b7b1691"}
,"/Users/juancorrea/Desktop/Springboard/express-jobly/routes/auth.js": {"path":"/Users/juancorrea/Desktop/Springboard/express-jobly/routes/auth.js","statementMap":{"0":{"start":{"line":5,"column":19},"end":{"line":5,"column":40}},"1":{"start":{"line":7,"column":13},"end":{"line":7,"column":38}},"2":{"start":{"line":8,"column":16},"end":{"line":8,"column":34}},"3":{"start":{"line":9,"column":15},"end":{"line":9,"column":35}},"4":{"start":{"line":10,"column":24},"end":{"line":10,"column":52}},"5":{"start":{"line":11,"column":23},"end":{"line":11,"column":58}},"6":{"start":{"line":12,"column":27},"end":{"line":12,"column":66}},"7":{"start":{"line":13,"column":28},"end":{"line":13,"column":54}},"8":{"start":{"line":22,"column":0},"end":{"line":37,"column":3}},"9":{"start":{"line":23,"column":1},"end":{"line":36,"column":2}},"10":{"start":{"line":24,"column":20},"end":{"line":24,"column":65}},"11":{"start":{"line":25,"column":2},"end":{"line":28,"column":3}},"12":{"start":{"line":26,"column":16},"end":{"line":26,"column":52}},"13":{"start":{"line":26,"column":44},"end":{"line":26,"column":51}},"14":{"start":{"line":27,"column":3},"end":{"line":27,"column":35}},"15":{"start":{"line":30,"column":33},"end":{"line":30,"column":41}},"16":{"start":{"line":31,"column":15},"end":{"line":31,"column":58}},"17":{"start":{"line":32,"column":16},"end":{"line":32,"column":33}},"18":{"start":{"line":33,"column":2},"end":{"line":33,"column":29}},"19":{"start":{"line":35,"column":2},"end":{"line":35,"column":19}},"20":{"start":{"line":48,"column":0},"end":{"line":62,"column":3}},"21":{"start":{"line":49,"column":1},"end":{"line":61,"column":2}},"22":{"start":{"line":50,"column":20},"end":{"line":50,"column":69}},"23":{"start":{"line":51,"column":2},"end":{"line":54,"column":3}},"24":{"start":{"line":52,"column":16},"end":{"line":52,"column":52}},"25":{"start":{"line":52,"column":44},"end":{"line":52,"column":51}},"26":{"start":{"line":53,"column":3},"end":{"line":53,"column":35}},"27":{"start":{"line":56,"column":18},"end":{"line":56,"column":70}},"28":{"start":{"line":57,"column":16},"end":{"line":57,"column":36}},"29":{"start":{"line":58,"column":2},"end":{"line":58,"column":41}},"30":{"start":{"line":60,"column":2},"end":{"line":60,"column":19}},"31":{"start":{"line":64,"column":0},"end":{"line":64,"column":24}}},"fnMap":{"0":{"name":"(anonymous_0)","decl":{"start":{"line":22,"column":22},"end":{"line":22,"column":23}},"loc":{"start":{"line":22,"column":53},"end":{"line":37,"column":1}},"line":22},"1":{"name":"(anonymous_1)","decl":{"start":{"line":26,"column":37},"end":{"line":26,"column":38}},"loc":{"start":{"line":26,"column":44},"end":{"line":26,"column":51}},"line":26},"2":{"name":"(anonymous_2)","decl":{"start":{"line":48,"column":25},"end":{"line":48,"column":26}},"loc":{"start":{"line":48,"column":56},"end":{"line":62,"column":1}},"line":48},"3":{"name":"(anonymous_3)","decl":{"start":{"line":52,"column":37},"end":{"line":52,"column":38}},"loc":{"start":{"line":52,"column":44},"end":{"line":52,"column":51}},"line":52}},"branchMap":{"0":{"loc":{"start":{"line":25,"column":2},"end":{"line":28,"column":3}},"type":"if","locations":[{"start":{"line":25,"column":2},"end":{"line":28,"column":3}},{"start":{"line":25,"column":2},"end":{"line":28,"column":3}}],"line":25},"1":{"loc":{"start":{"line":51,"column":2},"end":{"line":54,"column":3}},"type":"if","locations":[{"start":{"line":51,"column":2},"end":{"line":54,"column":3}},{"start":{"line":51,"column":2},"end":{"line":54,"column":3}}],"line":51}},"s":{"0":4,"1":4,"2":4,"3":4,"4":4,"5":4,"6":4,"7":4,"8":4,"9":5,"10":5,"11":5,"12":2,"13":2,"14":2,"15":3,"16":3,"17":1,"18":1,"19":4,"20":4,"21":3,"22":3,"23":3,"24":2,"25":5,"26":2,"27":1,"28":1,"29":1,"30":2,"31":4},"f":{"0":5,"1":2,"2":3,"3":5},"b":{"0":[2,3],"1":[2,1]},"_coverageSchema":"1a1c01bbd47fc00a2c39e90264f33305004495a9","hash":"76646a52de07d136ea19ac38caa0b817bc779d06"}
,"/Users/juancorrea/Desktop/Springboard/express-jobly/routes/companies.js": {"path":"/Users/juancorrea/Desktop/Springboard/express-jobly/routes/companies.js","statementMap":{"0":{"start":{"line":5,"column":19},"end":{"line":5,"column":40}},"1":{"start":{"line":6,"column":16},"end":{"line":6,"column":34}},"2":{"start":{"line":8,"column":28},"end":{"line":8,"column":54}},"3":{"start":{"line":9,"column":27},"end":{"line":9,"column":56}},"4":{"start":{"line":10,"column":16},"end":{"line":10,"column":44}},"5":{"start":{"line":12,"column":25},"end":{"line":12,"column":62}},"6":{"start":{"line":13,"column":28},"end":{"line":13,"column":68}},"7":{"start":{"line":14,"column":28},"end":{"line":14,"column":68}},"8":{"start":{"line":16,"column":15},"end":{"line":16,"column":35}},"9":{"start":{"line":27,"column":0},"end":{"line":40,"column":3}},"10":{"start":{"line":28,"column":1},"end":{"line":39,"column":2}},"11":{"start":{"line":29,"column":20},"end":{"line":29,"column":67}},"12":{"start":{"line":30,"column":2},"end":{"line":33,"column":3}},"13":{"start":{"line":31,"column":16},"end":{"line":31,"column":52}},"14":{"start":{"line":31,"column":44},"end":{"line":31,"column":51}},"15":{"start":{"line":32,"column":3},"end":{"line":32,"column":35}},"16":{"start":{"line":35,"column":18},"end":{"line":35,"column":48}},"17":{"start":{"line":36,"column":2},"end":{"line":36,"column":43}},"18":{"start":{"line":38,"column":2},"end":{"line":38,"column":19}},"19":{"start":{"line":53,"column":0},"end":{"line":68,"column":3}},"20":{"start":{"line":54,"column":11},"end":{"line":54,"column":20}},"21":{"start":{"line":55,"column":1},"end":{"line":55,"column":68}},"22":{"start":{"line":55,"column":35},"end":{"line":55,"column":68}},"23":{"start":{"line":56,"column":1},"end":{"line":56,"column":68}},"24":{"start":{"line":56,"column":35},"end":{"line":56,"column":68}},"25":{"start":{"line":57,"column":1},"end":{"line":67,"column":2}},"26":{"start":{"line":58,"column":20},"end":{"line":58,"column":63}},"27":{"start":{"line":59,"column":2},"end":{"line":62,"column":3}},"28":{"start":{"line":60,"column":16},"end":{"line":60,"column":52}},"29":{"start":{"line":60,"column":44},"end":{"line":60,"column":51}},"30":{"start":{"line":61,"column":3},"end":{"line":61,"column":35}},"31":{"start":{"line":63,"column":20},"end":{"line":63,"column":44}},"32":{"start":{"line":64,"column":2},"end":{"line":64,"column":33}},"33":{"start":{"line":66,"column":2},"end":{"line":66,"column":19}},"34":{"start":{"line":78,"column":0},"end":{"line":85,"column":3}},"35":{"start":{"line":79,"column":1},"end":{"line":84,"column":2}},"36":{"start":{"line":80,"column":18},"end":{"line":80,"column":54}},"37":{"start":{"line":81,"column":2},"end":{"line":81,"column":31}},"38":{"start":{"line":83,"column":2},"end":{"line":83,"column":19}},"39":{"start":{"line":98,"column":0},"end":{"line":111,"column":3}},"40":{"start":{"line":99,"column":1},"end":{"line":110,"column":2}},"41":{"start":{"line":100,"column":20},"end":{"line":100,"column":70}},"42":{"start":{"line":101,"column":2},"end":{"line":104,"column":3}},"43":{"start":{"line":102,"column":16},"end":{"line":102,"column":52}},"44":{"start":{"line":102,"column":44},"end":{"line":102,"column":51}},"45":{"start":{"line":103,"column":3},"end":{"line":103,"column":35}},"46":{"start":{"line":106,"column":18},"end":{"line":106,"column":67}},"47":{"start":{"line":107,"column":2},"end":{"line":107,"column":31}},"48":{"start":{"line":109,"column":2},"end":{"line":109,"column":19}},"49":{"start":{"line":118,"column":0},"end":{"line":125,"column":3}},"50":{"start":{"line":119,"column":1},"end":{"line":124,"column":2}},"51":{"start":{"line":120,"column":2},"end":{"line":120,"column":42}},"52":{"start":{"line":121,"column":2},"end":{"line":121,"column":50}},"53":{"start":{"line":123,"column":2},"end":{"line":123,"column":19}},"54":{"start":{"line":127,"column":0},"end":{"line":127,"column":24}}},"fnMap":{"0":{"name":"(anonymous_0)","decl":{"start":{"line":27,"column":33},"end":{"line":27,"column":34}},"loc":{"start":{"line":27,"column":64},"end":{"line":40,"column":1}},"line":27},"1":{"name":"(anonymous_1)","decl":{"start":{"line":31,"column":37},"end":{"line":31,"column":38}},"loc":{"start":{"line":31,"column":44},"end":{"line":31,"column":51}},"line":31},"2":{"name":"(anonymous_2)","decl":{"start":{"line":53,"column":16},"end":{"line":53,"column":17}},"loc":{"start":{"line":53,"column":47},"end":{"line":68,"column":1}},"line":53},"3":{"name":"(anonymous_3)","decl":{"start":{"line":60,"column":37},"end":{"line":60,"column":38}},"loc":{"start":{"line":60,"column":44},"end":{"line":60,"column":51}},"line":60},"4":{"name":"(anonymous_4)","decl":{"start":{"line":78,"column":23},"end":{"line":78,"column":24}},"loc":{"start":{"line":78,"column":54},"end":{"line":85,"column":1}},"line":78},"5":{"name":"(anonymous_5)","decl":{"start":{"line":98,"column":41},"end":{"line":98,"column":42}},"loc":{"start":{"line":98,"column":72},"end":{"line":111,"column":1}},"line":98},"6":{"name":"(anonymous_6)","decl":{"start":{"line":102,"column":37},"end":{"line":102,"column":38}},"loc":{"start":{"line":102,"column":44},"end":{"line":102,"column":51}},"line":102},"7":{"name":"(anonymous_7)","decl":{"start":{"line":118,"column":42},"end":{"line":118,"column":43}},"loc":{"start":{"line":118,"column":73},"end":{"line":125,"column":1}},"line":118}},"branchMap":{"0":{"loc":{"start":{"line":30,"column":2},"end":{"line":33,"column":3}},"type":"if","locations":[{"start":{"line":30,"column":2},"end":{"line":33,"column":3}},{"start":{"line":30,"column":2},"end":{"line":33,"column":3}}],"line":30},"1":{"loc":{"start":{"line":55,"column":1},"end":{"line":55,"column":68}},"type":"if","locations":[{"start":{"line":55,"column":1},"end":{"line":55,"column":68}},{"start":{"line":55,"column":1},"end":{"line":55,"column":68}}],"line":55},"2":{"loc":{"start":{"line":56,"column":1},"end":{"line":56,"column":68}},"type":"if","locations":[{"start":{"line":56,"column":1},"end":{"line":56,"column":68}},{"start":{"line":56,"column":1},"end":{"line":56,"column":68}}],"line":56},"3":{"loc":{"start":{"line":59,"column":2},"end":{"line":62,"column":3}},"type":"if","locations":[{"start":{"line":59,"column":2},"end":{"line":62,"column":3}},{"start":{"line":59,"column":2},"end":{"line":62,"column":3}}],"line":59},"4":{"loc":{"start":{"line":101,"column":2},"end":{"line":104,"column":3}},"type":"if","locations":[{"start":{"line":101,"column":2},"end":{"line":104,"column":3}},{"start":{"line":101,"column":2},"end":{"line":104,"column":3}}],"line":101}},"s":{"0":4,"1":4,"2":4,"3":4,"4":4,"5":4,"6":4,"7":4,"8":4,"9":4,"10":3,"11":3,"12":3,"13":2,"14":3,"15":2,"16":1,"17":1,"18":2,"19":4,"20":6,"21":6,"22":4,"23":6,"24":1,"25":6,"26":6,"27":6,"28":1,"29":1,"30":1,"31":5,"32":4,"33":2,"34":4,"35":3,"36":3,"37":2,"38":1,"39":4,"40":4,"41":4,"42":4,"43":2,"44":2,"45":2,"46":2,"47":1,"48":3,"49":4,"50":2,"51":2,"52":1,"53":1,"54":4},"f":{"0":3,"1":3,"2":6,"3":1,"4":3,"5":4,"6":2,"7":2},"b":{"0":[2,1],"1":[4,2],"2":[1,5],"3":[1,5],"4":[2,2]},"_coverageSchema":"1a1c01bbd47fc00a2c39e90264f33305004495a9","hash":"1cd92854eca40a39c8a360aa17364ab93c2ad040"}
,"/Users/juancorrea/Desktop/Springboard/express-jobly/routes/users.js": {"path":"/Users/juancorrea/Desktop/Springboard/express-jobly/routes/users.js","statementMap":{"0":{"start":{"line":5,"column":19},"end":{"line":5,"column":40}},"1":{"start":{"line":7,"column":16},"end":{"line":7,"column":34}},"2":{"start":{"line":8,"column":27},"end":{"line":8,"column":56}},"3":{"start":{"line":9,"column":28},"end":{"line":9,"column":54}},"4":{"start":{"line":10,"column":13},"end":{"line":10,"column":38}},"5":{"start":{"line":11,"column":24},"end":{"line":11,"column":52}},"6":{"start":{"line":12,"column":22},"end":{"line":12,"column":56}},"7":{"start":{"line":13,"column":25},"end":{"line":13,"column":62}},"8":{"start":{"line":15,"column":15},"end":{"line":15,"column":31}},"9":{"start":{"line":29,"column":0},"end":{"line":43,"column":3}},"10":{"start":{"line":30,"column":1},"end":{"line":42,"column":2}},"11":{"start":{"line":31,"column":20},"end":{"line":31,"column":64}},"12":{"start":{"line":32,"column":2},"end":{"line":35,"column":3}},"13":{"start":{"line":33,"column":16},"end":{"line":33,"column":52}},"14":{"start":{"line":33,"column":44},"end":{"line":33,"column":51}},"15":{"start":{"line":34,"column":3},"end":{"line":34,"column":35}},"16":{"start":{"line":37,"column":15},"end":{"line":37,"column":44}},"17":{"start":{"line":38,"column":16},"end":{"line":38,"column":33}},"18":{"start":{"line":39,"column":2},"end":{"line":39,"column":47}},"19":{"start":{"line":41,"column":2},"end":{"line":41,"column":19}},"20":{"start":{"line":52,"column":0},"end":{"line":59,"column":3}},"21":{"start":{"line":53,"column":1},"end":{"line":58,"column":2}},"22":{"start":{"line":54,"column":16},"end":{"line":54,"column":36}},"23":{"start":{"line":55,"column":2},"end":{"line":55,"column":29}},"24":{"start":{"line":57,"column":2},"end":{"line":57,"column":19}},"25":{"start":{"line":68,"column":0},"end":{"line":75,"column":3}},"26":{"start":{"line":69,"column":1},"end":{"line":74,"column":2}},"27":{"start":{"line":70,"column":15},"end":{"line":70,"column":50}},"28":{"start":{"line":71,"column":2},"end":{"line":71,"column":28}},"29":{"start":{"line":73,"column":2},"end":{"line":73,"column":19}},"30":{"start":{"line":87,"column":0},"end":{"line":100,"column":3}},"31":{"start":{"line":88,"column":1},"end":{"line":99,"column":2}},"32":{"start":{"line":89,"column":20},"end":{"line":89,"column":67}},"33":{"start":{"line":90,"column":2},"end":{"line":93,"column":3}},"34":{"start":{"line":91,"column":16},"end":{"line":91,"column":52}},"35":{"start":{"line":91,"column":44},"end":{"line":91,"column":51}},"36":{"start":{"line":92,"column":3},"end":{"line":92,"column":35}},"37":{"start":{"line":95,"column":15},"end":{"line":95,"column":63}},"38":{"start":{"line":96,"column":2},"end":{"line":96,"column":28}},"39":{"start":{"line":98,"column":2},"end":{"line":98,"column":19}},"40":{"start":{"line":107,"column":0},"end":{"line":114,"column":3}},"41":{"start":{"line":108,"column":1},"end":{"line":113,"column":2}},"42":{"start":{"line":109,"column":2},"end":{"line":109,"column":41}},"43":{"start":{"line":110,"column":2},"end":{"line":110,"column":52}},"44":{"start":{"line":112,"column":2},"end":{"line":112,"column":19}},"45":{"start":{"line":116,"column":0},"end":{"line":116,"column":24}}},"fnMap":{"0":{"name":"(anonymous_0)","decl":{"start":{"line":29,"column":33},"end":{"line":29,"column":34}},"loc":{"start":{"line":29,"column":64},"end":{"line":43,"column":1}},"line":29},"1":{"name":"(anonymous_1)","decl":{"start":{"line":33,"column":37},"end":{"line":33,"column":38}},"loc":{"start":{"line":33,"column":44},"end":{"line":33,"column":51}},"line":33},"2":{"name":"(anonymous_2)","decl":{"start":{"line":52,"column":32},"end":{"line":52,"column":33}},"loc":{"start":{"line":52,"column":63},"end":{"line":59,"column":1}},"line":52},"3":{"name":"(anonymous_3)","decl":{"start":{"line":68,"column":41},"end":{"line":68,"column":42}},"loc":{"start":{"line":68,"column":72},"end":{"line":75,"column":1}},"line":68},"4":{"name":"(anonymous_4)","decl":{"start":{"line":87,"column":43},"end":{"line":87,"column":44}},"loc":{"start":{"line":87,"column":74},"end":{"line":100,"column":1}},"line":87},"5":{"name":"(anonymous_5)","decl":{"start":{"line":91,"column":37},"end":{"line":91,"column":38}},"loc":{"start":{"line":91,"column":44},"end":{"line":91,"column":51}},"line":91},"6":{"name":"(anonymous_6)","decl":{"start":{"line":107,"column":44},"end":{"line":107,"column":45}},"loc":{"start":{"line":107,"column":75},"end":{"line":114,"column":1}},"line":107}},"branchMap":{"0":{"loc":{"start":{"line":32,"column":2},"end":{"line":35,"column":3}},"type":"if","locations":[{"start":{"line":32,"column":2},"end":{"line":35,"column":3}},{"start":{"line":32,"column":2},"end":{"line":35,"column":3}}],"line":32},"1":{"loc":{"start":{"line":90,"column":2},"end":{"line":93,"column":3}},"type":"if","locations":[{"start":{"line":90,"column":2},"end":{"line":93,"column":3}},{"start":{"line":90,"column":2},"end":{"line":93,"column":3}}],"line":90}},"s":{"0":4,"1":4,"2":4,"3":4,"4":4,"5":4,"6":4,"7":4,"8":4,"9":4,"10":4,"11":4,"12":4,"13":2,"14":5,"15":2,"16":2,"17":2,"18":2,"19":2,"20":4,"21":2,"22":2,"23":1,"24":1,"25":4,"26":2,"27":2,"28":1,"29":1,"30":4,"31":4,"32":4,"33":4,"34":1,"35":1,"36":1,"37":3,"38":2,"39":2,"40":4,"41":2,"42":2,"43":1,"44":1,"45":4},"f":{"0":4,"1":5,"2":2,"3":2,"4":4,"5":1,"6":2},"b":{"0":[2,2],"1":[1,3]},"_coverageSchema":"1a1c01bbd47fc00a2c39e90264f33305004495a9","hash":"010b568d4ec3a28a3a269d9bfb0fe863fa63ddf4"}
}
