TN:
SF:app.js
FN:29,(anonymous_0)
FN:34,(anonymous_1)
FNF:2
FNH:2
FNDA:2,(anonymous_0)
FNDA:31,(anonymous_1)
DA:5,4
DA:6,4
DA:8,4
DA:10,4
DA:11,4
DA:12,4
DA:13,4
DA:15,4
DA:17,4
DA:19,4
DA:20,4
DA:21,4
DA:22,4
DA:24,4
DA:25,4
DA:26,4
DA:29,4
DA:30,2
DA:34,4
DA:35,31
DA:36,31
DA:37,31
DA:39,31
DA:44,4
LF:24
LH:24
BRDA:35,0,0,1
BRDA:35,0,1,30
BRDA:36,1,0,31
BRDA:36,1,1,2
BRF:4
BRH:4
end_of_record
TN:
SF:config.js
FN:13,getDatabaseUri
FNF:1
FNH:1
FNDA:18,getDatabaseUri
DA:5,9
DA:6,9
DA:8,9
DA:10,9
DA:14,18
DA:22,9
DA:24,9
DA:25,9
DA:26,9
DA:27,9
DA:28,9
DA:29,9
DA:31,9
LF:13
LH:13
BRDA:8,0,0,9
BRDA:8,0,1,8
BRDA:10,1,0,9
BRDA:10,1,1,8
BRDA:14,2,0,15
BRDA:14,2,1,3
BRDA:16,3,0,3
BRDA:16,3,1,1
BRDA:22,4,0,8
BRDA:22,4,1,1
BRF:10
BRH:10
end_of_record
TN:
SF:db.js
FNF:0
FNH:0
DA:3,6
DA:4,6
DA:8,6
DA:9,0
DA:16,6
DA:21,6
DA:23,6
LF:7
LH:6
BRDA:8,0,0,0
BRDA:8,0,1,6
BRF:2
BRH:1
end_of_record
TN:
SF:expressError.js
FN:8,(anonymous_0)
FN:18,(anonymous_1)
FN:26,(anonymous_2)
FN:34,(anonymous_3)
FN:42,(anonymous_4)
FNF:5
FNH:4
FNDA:43,(anonymous_0)
FNDA:14,(anonymous_1)
FNDA:12,(anonymous_2)
FNDA:17,(anonymous_3)
FNDA:0,(anonymous_4)
DA:9,43
DA:10,43
DA:11,43
DA:19,14
DA:27,12
DA:35,17
DA:43,0
DA:47,8
LF:8
LH:7
BRDA:18,0,0,2
BRDA:26,1,0,8
BRDA:34,2,0,0
BRDA:42,3,0,0
BRF:4
BRH:2
end_of_record
TN:
SF:helpers/sql.js
FN:15,sqlForPartialUpdate
FN:20,(anonymous_1)
FNF:2
FNH:2
FNDA:15,sqlForPartialUpdate
FNDA:26,(anonymous_1)
DA:1,7
DA:16,15
DA:17,15
DA:20,26
DA:22,13
DA:28,7
LF:6
LH:6
BRDA:17,0,0,2
BRDA:17,0,1,13
BRDA:20,1,0,26
BRDA:20,1,1,11
BRF:4
BRH:4
end_of_record
TN:
SF:helpers/tokens.js
FN:6,createToken
FNF:1
FNH:1
FNDA:10,createToken
DA:1,5
DA:2,5
DA:7,10
DA:9,10
DA:14,10
DA:17,5
LF:6
LH:6
BRDA:11,0,0,10
BRDA:11,0,1,8
BRF:2
BRH:2
end_of_record
TN:
SF:middleware/auth.js
FN:18,authenticateJWT
FN:36,ensureLoggedIn
FNF:2
FNH:2
FNDA:52,authenticateJWT
FNDA:32,ensureLoggedIn
DA:5,5
DA:6,5
DA:7,5
DA:19,52
DA:20,52
DA:21,52
DA:22,26
DA:23,26
DA:25,51
DA:27,1
DA:37,32
DA:38,32
DA:39,24
DA:41,8
DA:46,5
LF:15
LH:15
BRDA:20,0,0,52
BRDA:20,0,1,51
BRDA:21,1,0,26
BRDA:21,1,1,26
BRDA:38,2,0,8
BRDA:38,2,1,24
BRF:6
BRH:6
end_of_record
TN:
SF:models/_testCommon.js
FN:6,commonBeforeAll
FN:33,commonBeforeEach
FN:37,commonAfterEach
FN:41,commonAfterAll
FNF:4
FNH:4
FNDA:2,commonBeforeAll
FNDA:31,commonBeforeEach
FNDA:31,commonAfterEach
FNDA:2,commonAfterAll
DA:1,2
DA:3,2
DA:4,2
DA:8,2
DA:10,2
DA:12,2
DA:18,2
DA:34,31
DA:38,31
DA:42,2
DA:46,2
LF:11
LH:11
BRF:0
BRH:0
end_of_record
TN:
SF:models/company.js
FN:19,(anonymous_0)
FN:46,(anonymous_1)
FN:95,(anonymous_2)
FN:126,(anonymous_3)
FN:154,(anonymous_4)
FNF:5
FNH:5
FNDA:13,(anonymous_0)
FNDA:11,(anonymous_1)
FNDA:5,(anonymous_2)
FNDA:6,(anonymous_3)
FNDA:4,(anonymous_4)
DA:3,5
DA:4,5
DA:5,5
DA:20,13
DA:27,13
DA:29,12
DA:36,12
DA:38,12
DA:47,11
DA:54,11
DA:56,11
DA:57,11
DA:59,11
DA:60,1
DA:63,10
DA:64,4
DA:65,4
DA:67,10
DA:68,2
DA:69,2
DA:72,10
DA:73,4
DA:74,4
DA:77,10
DA:78,7
DA:81,10
DA:83,10
DA:84,9
DA:96,5
DA:107,5
DA:109,5
DA:111,3
DA:127,6
DA:131,5
DA:133,5
DA:141,5
DA:142,5
DA:144,5
DA:146,3
DA:155,4
DA:162,4
DA:164,4
DA:168,5
LF:43
LH:43
BRDA:27,0,0,1
BRDA:27,0,1,12
BRDA:46,1,0,1
BRDA:59,2,0,1
BRDA:59,2,1,10
BRDA:63,3,0,4
BRDA:63,3,1,6
BRDA:67,4,0,2
BRDA:67,4,1,8
BRDA:72,5,0,4
BRDA:72,5,1,6
BRDA:77,6,0,7
BRDA:77,6,1,3
BRDA:109,7,0,2
BRDA:109,7,1,3
BRDA:144,8,0,2
BRDA:144,8,1,3
BRDA:164,9,0,2
BRDA:164,9,1,2
BRF:19
BRH:19
end_of_record
TN:
SF:models/user.js
FN:20,(anonymous_0)
FN:55,(anonymous_1)
FN:92,(anonymous_2)
FN:114,(anonymous_3)
FN:150,(anonymous_4)
FN:181,(anonymous_5)
FNF:6
FNH:6
FNDA:7,(anonymous_0)
FNDA:16,(anonymous_1)
FNDA:3,(anonymous_2)
FNDA:4,(anonymous_3)
FNDA:7,(anonymous_4)
FNDA:4,(anonymous_5)
DA:3,5
DA:4,5
DA:5,5
DA:6,5
DA:8,5
DA:22,7
DA:34,7
DA:36,7
DA:38,4
DA:39,4
DA:40,3
DA:41,3
DA:45,4
DA:56,16
DA:63,16
DA:64,1
DA:67,15
DA:69,15
DA:82,15
DA:84,15
DA:93,3
DA:103,2
DA:115,4
DA:126,4
DA:128,4
DA:130,2
DA:151,7
DA:152,2
DA:155,7
DA:160,6
DA:162,6
DA:170,6
DA:171,6
DA:173,6
DA:175,4
DA:176,4
DA:182,4
DA:189,4
DA:191,4
DA:195,5
LF:40
LH:40
BRDA:36,0,0,4
BRDA:36,0,1,3
BRDA:39,1,0,3
BRDA:39,1,1,1
BRDA:63,2,0,1
BRDA:63,2,1,15
BRDA:128,3,0,2
BRDA:128,3,1,2
BRDA:151,4,0,2
BRDA:151,4,1,5
BRDA:173,5,0,2
BRDA:173,5,1,4
BRDA:191,6,0,2
BRDA:191,6,1,2
BRF:14
BRH:14
end_of_record
TN:
SF:routes/_testCommon.js
FN:8,commonBeforeAll
FN:65,commonBeforeEach
FN:69,commonAfterEach
FN:73,commonAfterAll
FNF:4
FNH:4
FNDA:3,commonBeforeAll
FNDA:47,commonBeforeEach
FNDA:47,commonAfterEach
FNDA:3,commonAfterAll
DA:3,3
DA:4,3
DA:5,3
DA:6,3
DA:10,3
DA:12,3
DA:14,3
DA:22,3
DA:30,3
DA:39,3
DA:47,3
DA:55,3
DA:66,47
DA:70,47
DA:74,3
DA:78,3
DA:81,3
LF:17
LH:17
BRF:0
BRH:0
end_of_record
TN:
SF:routes/auth.js
FN:22,(anonymous_0)
FN:26,(anonymous_1)
FN:48,(anonymous_2)
FN:52,(anonymous_3)
FNF:4
FNH:4
FNDA:5,(anonymous_0)
FNDA:2,(anonymous_1)
FNDA:3,(anonymous_2)
FNDA:5,(anonymous_3)
DA:5,4
DA:7,4
DA:8,4
DA:9,4
DA:10,4
DA:11,4
DA:12,4
DA:13,4
DA:22,4
DA:23,5
DA:24,5
DA:25,5
DA:26,2
DA:27,2
DA:30,3
DA:31,3
DA:32,1
DA:33,1
DA:35,4
DA:48,4
DA:49,3
DA:50,3
DA:51,3
DA:52,5
DA:53,2
DA:56,1
DA:57,1
DA:58,1
DA:60,2
DA:64,4
LF:30
LH:30
BRDA:25,0,0,2
BRDA:25,0,1,3
BRDA:51,1,0,2
BRDA:51,1,1,1
BRF:4
BRH:4
end_of_record
TN:
SF:routes/companies.js
FN:27,(anonymous_0)
FN:31,(anonymous_1)
FN:53,(anonymous_2)
FN:60,(anonymous_3)
FN:78,(anonymous_4)
FN:98,(anonymous_5)
FN:102,(anonymous_6)
FN:118,(anonymous_7)
FNF:8
FNH:8
FNDA:3,(anonymous_0)
FNDA:3,(anonymous_1)
FNDA:6,(anonymous_2)
FNDA:1,(anonymous_3)
FNDA:3,(anonymous_4)
FNDA:4,(anonymous_5)
FNDA:2,(anonymous_6)
FNDA:2,(anonymous_7)
DA:5,4
DA:6,4
DA:8,4
DA:9,4
DA:10,4
DA:12,4
DA:13,4
DA:14,4
DA:16,4
DA:27,4
DA:28,3
DA:29,3
DA:30,3
DA:31,3
DA:32,2
DA:35,1
DA:36,1
DA:38,2
DA:53,4
DA:54,6
DA:55,6
DA:56,6
DA:57,6
DA:58,6
DA:59,6
DA:60,1
DA:61,1
DA:63,5
DA:64,4
DA:66,2
DA:78,4
DA:79,3
DA:80,3
DA:81,2
DA:83,1
DA:98,4
DA:99,4
DA:100,4
DA:101,4
DA:102,2
DA:103,2
DA:106,2
DA:107,1
DA:109,3
DA:118,4
DA:119,2
DA:120,2
DA:121,1
DA:123,1
DA:127,4
LF:50
LH:50
BRDA:30,0,0,2
BRDA:30,0,1,1
BRDA:55,1,0,4
BRDA:55,1,1,2
BRDA:56,2,0,1
BRDA:56,2,1,5
BRDA:59,3,0,1
BRDA:59,3,1,5
BRDA:101,4,0,2
BRDA:101,4,1,2
BRF:10
BRH:10
end_of_record
TN:
SF:routes/users.js
FN:29,(anonymous_0)
FN:33,(anonymous_1)
FN:52,(anonymous_2)
FN:68,(anonymous_3)
FN:87,(anonymous_4)
FN:91,(anonymous_5)
FN:107,(anonymous_6)
FNF:7
FNH:7
FNDA:4,(anonymous_0)
FNDA:5,(anonymous_1)
FNDA:2,(anonymous_2)
FNDA:2,(anonymous_3)
FNDA:4,(anonymous_4)
FNDA:1,(anonymous_5)
FNDA:2,(anonymous_6)
DA:5,4
DA:7,4
DA:8,4
DA:9,4
DA:10,4
DA:11,4
DA:12,4
DA:13,4
DA:15,4
DA:29,4
DA:30,4
DA:31,4
DA:32,4
DA:33,5
DA:34,2
DA:37,2
DA:38,2
DA:39,2
DA:41,2
DA:52,4
DA:53,2
DA:54,2
DA:55,1
DA:57,1
DA:68,4
DA:69,2
DA:70,2
DA:71,1
DA:73,1
DA:87,4
DA:88,4
DA:89,4
DA:90,4
DA:91,1
DA:92,1
DA:95,3
DA:96,2
DA:98,2
DA:107,4
DA:108,2
DA:109,2
DA:110,1
DA:112,1
DA:116,4
LF:44
LH:44
BRDA:32,0,0,2
BRDA:32,0,1,2
BRDA:90,1,0,1
BRDA:90,1,1,3
BRF:4
BRH:4
end_of_record
